2026-05-22T23:32:02+0300 INFO: Запуск процесса из студии разработки. C:\Users\4aik\Documents\ПКС\3_curse\6_sem\Hack\Кейс2_СозданиеДокументов1С\process\Main.json
2026-05-22T23:32:04+0300 INFO: Старт робота: C:\Users\4aik\Documents\ПКС\3_curse\6_sem\Hack\Кейс2_СозданиеДокументов1С\resource\ecc65116-8939-4e9c-958b-6e3a7d50f084\Logger.py
2026-05-22T23:32:06+0300 INFO: Старт робота: C:\Users\4aik\Documents\ПКС\3_curse\6_sem\Hack\Кейс2_СозданиеДокументов1С\resource\ecc65116-8939-4e9c-958b-6e3a7d50f084\Reader.py
2026-05-22T23:32:06+0300 INFO: Старт робота: C:\Users\4aik\Documents\ПКС\3_curse\6_sem\Hack\Кейс2_СозданиеДокументов1С\resource\ecc65116-8939-4e9c-958b-6e3a7d50f084\Main.py
2026-05-22T23:32:19+0300 INFO: Завершение работы робота: C:\Users\4aik\Documents\ПКС\3_curse\6_sem\Hack\Кейс2_СозданиеДокументов1С\resource\ecc65116-8939-4e9c-958b-6e3a7d50f084\Main.py
2026-05-22T23:32:20+0300 INFO: Завершение выполнения процесса. C:\Users\4aik\Documents\ПКС\3_curse\6_sem\Hack\Кейс2_СозданиеДокументов1С\process\Main.json
2026-05-22T23:52:19+0300 INFO: Запуск процесса из студии разработки. C:\Users\4aik\Documents\ПКС\3_curse\6_sem\Hack\Кейс2_СозданиеДокументов1С\process\Main.json
2026-05-22T23:52:20+0300 INFO: Старт робота: C:\Users\4aik\Documents\ПКС\3_curse\6_sem\Hack\Кейс2_СозданиеДокументов1С\resource\0ffc8fe7-17f6-4968-8d31-59702ab93194\Logger.py
2026-05-22T23:52:22+0300 INFO: Старт робота: C:\Users\4aik\Documents\ПКС\3_curse\6_sem\Hack\Кейс2_СозданиеДокументов1С\resource\0ffc8fe7-17f6-4968-8d31-59702ab93194\Reader.py
2026-05-22T23:52:22+0300 INFO: Старт робота: C:\Users\4aik\Documents\ПКС\3_curse\6_sem\Hack\Кейс2_СозданиеДокументов1С\resource\0ffc8fe7-17f6-4968-8d31-59702ab93194\Main.py
2026-05-22T23:52:24+0300 INFO: Завершение работы робота: C:\Users\4aik\Documents\ПКС\3_curse\6_sem\Hack\Кейс2_СозданиеДокументов1С\resource\0ffc8fe7-17f6-4968-8d31-59702ab93194\Main.py
2026-05-22T23:52:26+0300 INFO: Завершение выполнения процесса. C:\Users\4aik\Documents\ПКС\3_curse\6_sem\Hack\Кейс2_СозданиеДокументов1С\process\Main.json
2026-05-22T23:52:57+0300 INFO: Запуск процесса из студии разработки. C:\Users\4aik\Documents\ПКС\3_curse\6_sem\Hack\Кейс2_СозданиеДокументов1С\process\Main.json
2026-05-22T23:52:58+0300 INFO: Старт робота: C:\Users\4aik\Documents\ПКС\3_curse\6_sem\Hack\Кейс2_СозданиеДокументов1С\resource\ebfc30a8-ef28-48c8-a84c-00167930ad21\Logger.py
2026-05-22T23:53:00+0300 INFO: Старт робота: C:\Users\4aik\Documents\ПКС\3_curse\6_sem\Hack\Кейс2_СозданиеДокументов1С\resource\ebfc30a8-ef28-48c8-a84c-00167930ad21\Reader.py
2026-05-22T23:53:00+0300 INFO: Старт робота: C:\Users\4aik\Documents\ПКС\3_curse\6_sem\Hack\Кейс2_СозданиеДокументов1С\resource\ebfc30a8-ef28-48c8-a84c-00167930ad21\Main.py
2026-05-22T23:53:03+0300 INFO: Завершение работы робота: C:\Users\4aik\Documents\ПКС\3_curse\6_sem\Hack\Кейс2_СозданиеДокументов1С\resource\ebfc30a8-ef28-48c8-a84c-00167930ad21\Main.py
2026-05-22T23:53:04+0300 INFO: Завершение выполнения процесса. C:\Users\4aik\Documents\ПКС\3_curse\6_sem\Hack\Кейс2_СозданиеДокументов1С\process\Main.json
2026-05-23T00:00:23+0300 INFO: Запуск процесса из студии разработки. C:\Users\4aik\Documents\ПКС\3_curse\6_sem\Hack\Кейс2_СозданиеДокументов1С\process\Main.json
2026-05-23T00:01:35+0300 INFO: Завершение выполнения процесса. C:\Users\4aik\Documents\ПКС\3_curse\6_sem\Hack\Кейс2_СозданиеДокументов1С\process\Main.json
2026-05-23T01:30:14+0300 INFO: Запуск процесса из студии разработки. C:\Users\4aik\Documents\ПКС\3_curse\6_sem\Hack\Кейс2_СозданиеДокументов1С\process\Main.json
2026-05-23T01:30:15+0300 Окно выполнения: Main: ERROR:  ["name 'PERCENTAGE' is not defined"]
2026-05-23T01:30:17+0300 ERROR: Завершение выполнения процесса. C:\Users\4aik\Documents\ПКС\3_curse\6_sem\Hack\Кейс2_СозданиеДокументов1С\process\Main.json
2026-05-23T01:30:26+0300 INFO: Запуск процесса из студии разработки. C:\Users\4aik\Documents\ПКС\3_curse\6_sem\Hack\Кейс2_СозданиеДокументов1С\process\FormHandler.json
2026-05-23T01:30:27+0300 Окно выполнения: FormHandler: ERROR:  ["Unknown format code 'd' for object of type 'float'"]
2026-05-23T01:30:38+0300 ERROR: Завершение выполнения процесса. C:\Users\4aik\Documents\ПКС\3_curse\6_sem\Hack\Кейс2_СозданиеДокументов1С\process\FormHandler.json
2026-05-23T01:32:45+0300 INFO: Запуск процесса из студии разработки. C:\Users\4aik\Documents\ПКС\3_curse\6_sem\Hack\Кейс2_СозданиеДокументов1С\process\Reader.json
2026-05-23T01:32:48+0300 INFO: Завершение выполнения процесса. C:\Users\4aik\Documents\ПКС\3_curse\6_sem\Hack\Кейс2_СозданиеДокументов1С\process\Reader.json
2026-05-23T01:32:52+0300 INFO: Запуск процесса из студии разработки. C:\Users\4aik\Documents\ПКС\3_curse\6_sem\Hack\Кейс2_СозданиеДокументов1С\process\Main.json
2026-05-23T01:33:19+0300 Окно выполнения: Main: ERROR:  ["name 'SHOW_LOGS' is not defined"]
2026-05-23T01:33:20+0300 Cannot read properties of undefined (reading 'match')
2026-05-23T01:33:20+0300 ERROR: Завершение выполнения процесса. C:\Users\4aik\Documents\ПКС\3_curse\6_sem\Hack\Кейс2_СозданиеДокументов1С\process\Main.json
2026-05-23T01:37:05+0300 INFO: Запуск процесса из студии разработки. C:\Users\4aik\Documents\ПКС\3_curse\6_sem\Hack\Кейс2_СозданиеДокументов1С\process\Main.json
2026-05-23T01:37:12+0300 Окно выполнения: Main: ERROR:  ["'DBPathInput'"]
2026-05-23T01:37:14+0300 Cannot read properties of undefined (reading 'match')
2026-05-23T01:37:14+0300 ERROR: Завершение выполнения процесса. C:\Users\4aik\Documents\ПКС\3_curse\6_sem\Hack\Кейс2_СозданиеДокументов1С\process\Main.json
2026-05-23T01:37:17+0300 INFO: Запуск процесса из студии разработки. C:\Users\4aik\Documents\ПКС\3_curse\6_sem\Hack\Кейс2_СозданиеДокументов1С\process\Main.json
2026-05-23T01:37:40+0300 Окно выполнения: Main: ERROR:  ["name 'my_1C_DB_PATH' is not defined"]
2026-05-23T01:37:50+0300 Cannot read properties of undefined (reading 'match')
2026-05-23T01:37:50+0300 ERROR: Завершение выполнения процесса. C:\Users\4aik\Documents\ПКС\3_curse\6_sem\Hack\Кейс2_СозданиеДокументов1С\process\Main.json
2026-05-23T01:40:43+0300 INFO: Запуск процесса из студии разработки. C:\Users\4aik\Documents\ПКС\3_curse\6_sem\Hack\Кейс2_СозданиеДокументов1С\process\Main.json
2026-05-23T01:41:07+0300 INFO: Завершение выполнения процесса. C:\Users\4aik\Documents\ПКС\3_curse\6_sem\Hack\Кейс2_СозданиеДокументов1С\process\Main.json
2026-05-23T01:54:06+0300 INFO: Запуск процесса из студии разработки. C:\Users\4aik\Documents\ПКС\3_curse\6_sem\Hack\Кейс2_СозданиеДокументов1С\process\Main.json
2026-05-23T01:54:11+0300 Окно выполнения: Main: ERROR:  ["'selectedFiles'"]
2026-05-23T01:54:13+0300 Cannot read properties of undefined (reading 'match')
2026-05-23T01:54:13+0300 ERROR: Завершение выполнения процесса. C:\Users\4aik\Documents\ПКС\3_curse\6_sem\Hack\Кейс2_СозданиеДокументов1С\process\Main.json
2026-05-23T01:57:32+0300 INFO: Запуск процесса из студии разработки. C:\Users\4aik\Documents\ПКС\3_curse\6_sem\Hack\Кейс2_СозданиеДокументов1С\process\Main.json
2026-05-23T01:57:58+0300 Окно выполнения: Main: ERROR:  ["name 'file_content' is not defined"]
2026-05-23T01:58:00+0300 Cannot read properties of undefined (reading 'match')
2026-05-23T01:58:00+0300 ERROR: Завершение выполнения процесса. C:\Users\4aik\Documents\ПКС\3_curse\6_sem\Hack\Кейс2_СозданиеДокументов1С\process\Main.json
2026-05-23T02:04:39+0300 INFO: Запуск процесса из студии разработки. C:\Users\4aik\Documents\ПКС\3_curse\6_sem\Hack\Кейс2_СозданиеДокументов1С\process\Main.json
2026-05-23T02:05:05+0300 INFO: Завершение выполнения процесса. C:\Users\4aik\Documents\ПКС\3_curse\6_sem\Hack\Кейс2_СозданиеДокументов1С\process\Main.json
2026-05-23T02:08:39+0300 INFO: Запуск процесса из студии разработки. C:\Users\4aik\Documents\ПКС\3_curse\6_sem\Hack\Кейс2_СозданиеДокументов1С\process\Main.json
2026-05-23T02:09:09+0300 INFO: Завершение выполнения процесса. C:\Users\4aik\Documents\ПКС\3_curse\6_sem\Hack\Кейс2_СозданиеДокументов1С\process\Main.json
2026-05-23T02:17:01+0300 INFO: Запуск процесса из студии разработки. C:\Users\4aik\Documents\ПКС\3_curse\6_sem\Hack\Кейс2_СозданиеДокументов1С\process\Main.json
2026-05-23T02:17:11+0300 Окно выполнения: Main: ERROR:  ["Expecting value: line 1 column 1 (char 0)"]
2026-05-23T02:17:17+0300 Cannot read properties of undefined (reading 'match')
2026-05-23T02:17:17+0300 ERROR: Завершение выполнения процесса. C:\Users\4aik\Documents\ПКС\3_curse\6_sem\Hack\Кейс2_СозданиеДокументов1С\process\Main.json
2026-05-23T02:19:03+0300 INFO: Запуск процесса из студии разработки. C:\Users\4aik\Documents\ПКС\3_curse\6_sem\Hack\Кейс2_СозданиеДокументов1С\process\Main.json
2026-05-23T02:19:52+0300 Окно выполнения: Main: ERROR:  ["Expecting value: line 1 column 1 (char 0)"]
2026-05-23T02:19:55+0300 Cannot read properties of undefined (reading 'match')
2026-05-23T02:19:55+0300 ERROR: Завершение выполнения процесса. C:\Users\4aik\Documents\ПКС\3_curse\6_sem\Hack\Кейс2_СозданиеДокументов1С\process\Main.json
2026-05-23T02:20:31+0300 INFO: Запуск процесса из студии разработки. C:\Users\4aik\Documents\ПКС\3_curse\6_sem\Hack\Кейс2_СозданиеДокументов1С\process\FIleReader.json
2026-05-23T02:20:32+0300 Окно выполнения: FIleReader: ERROR:  ["stderr:","  File \"C:\\Users\\4aik\\Documents\\ПКС\\3_curse\\6_sem\\Hack\\Кейс2_СозданиеДокументов1С\\resource\\29d52f0b-fb77-4e2f-ba2f-c164df636863\\FIleReader.py\", line 54\r\n    files_and_folders.create_file((files_and_folders.get_executable_path('tmp.json',binary_path='TRUE',block_text=\"Относительный путь\",window_log=True, current_language=\"ru\")),\"FALSE\",(v['Товары']),,block_text=\"Создать файл\",window_log=True, current_language=\"ru\")\r\n                                                                                                                                                                                                      ^\r\nSyntaxError: invalid syntax\r\n"]
2026-05-23T02:20:36+0300 ERROR: Завершение выполнения процесса. C:\Users\4aik\Documents\ПКС\3_curse\6_sem\Hack\Кейс2_СозданиеДокументов1С\process\FIleReader.json
2026-05-23T02:20:40+0300 INFO: Запуск процесса из студии разработки. C:\Users\4aik\Documents\ПКС\3_curse\6_sem\Hack\Кейс2_СозданиеДокументов1С\process\FIleReader.json
2026-05-23T02:20:41+0300 Окно выполнения: FIleReader: ERROR:  ["stderr:","  File \"C:\\Users\\4aik\\Documents\\ПКС\\3_curse\\6_sem\\Hack\\Кейс2_СозданиеДокументов1С\\resource\\7df72a18-d827-44b6-a034-9e15195c86dc\\FIleReader.py\", line 54\r\n    files_and_folders.create_file((files_and_folders.get_executable_path('tmp.json',binary_path='TRUE',block_text=\"Относительный путь\",window_log=True, current_language=\"ru\")),\"FALSE\",(v['Товары']),,block_text=\"Создать файл\",window_log=True, current_language=\"ru\")\r\n                                                                                                                                                                                                      ^\r\nSyntaxError: invalid syntax\r\n"]
2026-05-23T02:20:53+0300 ERROR: Завершение выполнения процесса. C:\Users\4aik\Documents\ПКС\3_curse\6_sem\Hack\Кейс2_СозданиеДокументов1С\process\FIleReader.json
2026-05-23T02:21:02+0300 INFO: Запуск процесса из студии разработки. C:\Users\4aik\Documents\ПКС\3_curse\6_sem\Hack\Кейс2_СозданиеДокументов1С\process\Main.json
2026-05-23T02:21:04+0300 Окно выполнения: Main: ERROR:  ["stderr:","Traceback (most recent call last):\r\n  File \"C:\\Users\\4aik\\Documents\\ПКС\\3_curse\\6_sem\\Hack\\Кейс2_СозданиеДокументов1С\\resource\\64a93c99-2122-4a85-9d0f-1421177ce298\\Main.py\", line 14, in <module>\r\n    from FIleReader import readFile\r\n  File \"C:\\Users\\4aik\\Documents\\ПКС\\3_curse\\6_sem\\Hack\\Кейс2_СозданиеДокументов1С\\resource\\64a93c99-2122-4a85-9d0f-1421177ce298\\FIleReader.py\", line 54\r\n    files_and_folders.create_file((files_and_folders.get_executable_path('tmp.json',binary_path='TRUE',block_text=\"Относительный путь\",window_log=True, current_language=\"ru\")),\"FALSE\",(v['Товары']),,block_text=\"Создать файл\",window_log=True, current_language=\"ru\")\r\n                                                                                                                                                                                                      ^\r\nSyntaxError: invalid syntax\r\n"]
2026-05-23T02:21:14+0300 ERROR: Завершение выполнения процесса. C:\Users\4aik\Documents\ПКС\3_curse\6_sem\Hack\Кейс2_СозданиеДокументов1С\process\Main.json
2026-05-23T02:21:25+0300 INFO: Запуск процесса из студии разработки. C:\Users\4aik\Documents\ПКС\3_curse\6_sem\Hack\Кейс2_СозданиеДокументов1С\process\Main.json
2026-05-23T02:21:57+0300 Окно выполнения: Main: ERROR:  ["Expecting value: line 1 column 1 (char 0)"]
2026-05-23T02:21:58+0300 Cannot read properties of undefined (reading 'match')
2026-05-23T02:21:58+0300 ERROR: Завершение выполнения процесса. C:\Users\4aik\Documents\ПКС\3_curse\6_sem\Hack\Кейс2_СозданиеДокументов1С\process\Main.json
2026-05-23T02:22:42+0300 INFO: Запуск процесса из студии разработки. C:\Users\4aik\Documents\ПКС\3_curse\6_sem\Hack\Кейс2_СозданиеДокументов1С\process\Main.json
2026-05-23T02:23:12+0300 INFO: Завершение выполнения процесса. C:\Users\4aik\Documents\ПКС\3_curse\6_sem\Hack\Кейс2_СозданиеДокументов1С\process\Main.json
